Using pre-set license
Built from '2020.3/staging' branch; Version is '2020.3.11f1 (99c7afb366b3) revision 10078127'; Using compiler version '192528614'; Build Type 'Release'
OS: 'Windows 10 Home Single Language; OS build 19041.1165; Version 2004; 64bit' Language: 'en' Physical Memory: 8001 MB
BatchMode: 1, IsHumanControllingUs: 0, StartBugReporterOnCrash: 0, Is64bit: 1, IsPro: 0

 COMMAND LINE ARGUMENTS:
C:\Program Files\Unity\Hub\Editor\2020.3.11f1\Editor\Unity.exe
-adb2
-batchMode
-noUpm
-name
AssetImportWorker9
-projectPath
C:/Users/Satria/Documents/GitHub/CameraTest
-logFile
Logs/AssetImportWorker9.log
-srvPort
63258
Successfully changed project path to: C:/Users/Satria/Documents/GitHub/CameraTest
C:/Users/Satria/Documents/GitHub/CameraTest
Using Asset Import Pipeline V2.
Refreshing native plugins compatible for Editor in 38.10 ms, found 2 plugins.
Preloading 0 native plugins for Editor in 0.00 ms.
Initialize engine version: 2020.3.11f1 (99c7afb366b3)
[Subsystems] Discovering subsystems at path C:/Program Files/Unity/Hub/Editor/2020.3.11f1/Editor/Data/Resources/UnitySubsystems
[Subsystems] Discovering subsystems at path C:/Users/Satria/Documents/GitHub/CameraTest/Assets
GfxDevice: creating device client; threaded=0
Direct3D:
    Version:  Direct3D 11.0 [level 11.1]
    Renderer: NVIDIA GeForce GTX 1050 (ID=0x1c91)
    Vendor:   
    VRAM:     2996 MB
    Driver:   30.0.14.7168
Initialize mono
Mono path[0] = 'C:/Program Files/Unity/Hub/Editor/2020.3.11f1/Editor/Data/Managed'
Mono path[1] = 'C:/Program Files/Unity/Hub/Editor/2020.3.11f1/Editor/Data/MonoBleedingEdge/lib/mono/unityjit'
Mono config path = 'C:/Program Files/Unity/Hub/Editor/2020.3.11f1/Editor/Data/MonoBleedingEdge/etc'
Using monoOptions --debugger-agent=transport=dt_socket,embedding=1,server=y,suspend=n,address=127.0.0.1:56156
Begin MonoManager ReloadAssembly
Registering precompiled unity dll's ...
Register platform support module: C:/Program Files/Unity/Hub/Editor/2020.3.11f1/Editor/Data/PlaybackEngines/WebGLSupport/UnityEditor.WebGL.Extensions.dll
Register platform support module: C:/Program Files/Unity/Hub/Editor/2020.3.11f1/Editor/Data/PlaybackEngines/WindowsStandaloneSupport/UnityEditor.WindowsStandalone.Extensions.dll
Registered in 0.003470 seconds.
Native extension for WindowsStandalone target not found
Native extension for WebGL target not found
Refreshing native plugins compatible for Editor in 35.73 ms, found 2 plugins.
Preloading 0 native plugins for Editor in 0.00 ms.
Mono: successfully reloaded assembly
- Completed reload, in  2.811 seconds
Platform modules already initialized, skipping
Registering precompiled user dll's ...
Registered in 0.005528 seconds.
Begin MonoManager ReloadAssembly
Native extension for WindowsStandalone target not found
Native extension for WebGL target not found
Refreshing native plugins compatible for Editor in 0.39 ms, found 2 plugins.
Preloading 0 native plugins for Editor in 0.00 ms.
Mono: successfully reloaded assembly
- Completed reload, in  1.920 seconds
Platform modules already initialized, skipping
========================================================================
Worker process is ready to serve import requests
Launched and connected shader compiler UnityShaderCompiler.exe after 0.26 seconds
Refreshing native plugins compatible for Editor in 0.74 ms, found 2 plugins.
Preloading 0 native plugins for Editor in 0.00 ms.
Unloading 1458 Unused Serialized files (Serialized files now loaded: 0)
System memory in use before: 66.4 MB.
System memory in use after: 66.5 MB.

Unloading 20 unused Assets to reduce memory usage. Loaded Objects now: 1890.
Total: 3.087500 ms (FindLiveObjects: 0.220700 ms CreateObjectMapping: 0.057700 ms MarkObjects: 2.711200 ms  DeleteObjects: 0.095900 ms)

========================================================================
Received Import Request.
  path: Assets/Camera/Camera.png
  artifactKey: Guid(5b115d497867f72429bb1535d2db765e) Importer(815301076,1909f56bfc062723c751e8b465ee728b)
Start importing Assets/Camera/Camera.png using Guid(5b115d497867f72429bb1535d2db765e) Importer(815301076,1909f56bfc062723c751e8b465ee728b)  -> (artifact id: '1c0cbc7319b0ccf57948b66e5f7b2895') in 2.655880 seconds
  Import took 2.659151 seconds .

========================================================================
Received Import Request.
  Time since last request: 0.000241 seconds.
  path: Assets/Camera/Scenes/Camera.unity
  artifactKey: Guid(9fc0d4010bbf28b4594072e72b8655ab) Importer(815301076,1909f56bfc062723c751e8b465ee728b)
Start importing Assets/Camera/Scenes/Camera.unity using Guid(9fc0d4010bbf28b4594072e72b8655ab) Importer(815301076,1909f56bfc062723c751e8b465ee728b)  -> (artifact id: '59f77401a9228717bcaf9443ad229da1') in 0.027264 seconds
  Import took 0.030255 seconds .

========================================================================
Received Prepare
Registering precompiled user dll's ...
Registered in 0.149596 seconds.
Begin MonoManager ReloadAssembly
Native extension for WindowsStandalone target not found
Native extension for WebGL target not found
Refreshing native plugins compatible for Editor in 0.39 ms, found 2 plugins.
Preloading 0 native plugins for Editor in 0.00 ms.
Mono: successfully reloaded assembly
- Completed reload, in  1.226 seconds
Platform modules already initialized, skipping
Refreshing native plugins compatible for Editor in 0.47 ms, found 2 plugins.
Preloading 0 native plugins for Editor in 0.00 ms.
Unloading 1452 Unused Serialized files (Serialized files now loaded: 0)
System memory in use before: 69.4 MB.
System memory in use after: 69.5 MB.

Unloading 15 unused Assets to reduce memory usage. Loaded Objects now: 1898.
Total: 2.691200 ms (FindLiveObjects: 0.216500 ms CreateObjectMapping: 0.050700 ms MarkObjects: 2.396000 ms  DeleteObjects: 0.026400 ms)

========================================================================
Received Prepare
Refreshing native plugins compatible for Editor in 4.45 ms, found 2 plugins.
Preloading 0 native plugins for Editor in 0.00 ms.
Unloading 13 Unused Serialized files (Serialized files now loaded: 0)
System memory in use before: 40.9 MB.
System memory in use after: 41.0 MB.

Unloading 13 unused Assets to reduce memory usage. Loaded Objects now: 1898.
Total: 2.348800 ms (FindLiveObjects: 0.177900 ms CreateObjectMapping: 0.039600 ms MarkObjects: 2.099700 ms  DeleteObjects: 0.030100 ms)

========================================================================
Received Prepare
Registering precompiled user dll's ...
Registered in 0.060264 seconds.
Begin MonoManager ReloadAssembly
Native extension for WindowsStandalone target not found
Native extension for WebGL target not found
Refreshing native plugins compatible for Editor in 0.38 ms, found 2 plugins.
Preloading 0 native plugins for Editor in 0.00 ms.
Mono: successfully reloaded assembly
- Completed reload, in  1.458 seconds
Platform modules already initialized, skipping
Switching build target platform(19) subTarget(0) extendedPlatform(0) -> platform(13) subTarget(537395200) extendedPlatform(0)
Refreshing native plugins compatible for Editor in 0.37 ms, found 2 plugins.
Preloading 0 native plugins for Editor in 0.00 ms.
Unloading 1456 Unused Serialized files (Serialized files now loaded: 0)
System memory in use before: 69.4 MB.
System memory in use after: 69.5 MB.

Unloading 15 unused Assets to reduce memory usage. Loaded Objects now: 1900.
Total: 2.638800 ms (FindLiveObjects: 0.186400 ms CreateObjectMapping: 0.045900 ms MarkObjects: 2.377600 ms  DeleteObjects: 0.027300 ms)

AssetImportParameters requested are different than current active one (requested -> active):
  custom:graphics/normal-map-encoding: 01000000000000000000000000000000 -> 02000000000000000000000000000000
========================================================================
Received Prepare
Refreshing native plugins compatible for Editor in 5.40 ms, found 2 plugins.
Preloading 0 native plugins for Editor in 0.00 ms.
Unloading 13 Unused Serialized files (Serialized files now loaded: 0)
System memory in use before: 40.9 MB.
System memory in use after: 41.0 MB.

Unloading 13 unused Assets to reduce memory usage. Loaded Objects now: 1900.
Total: 2.031400 ms (FindLiveObjects: 0.170800 ms CreateObjectMapping: 0.036000 ms MarkObjects: 1.807400 ms  DeleteObjects: 0.016100 ms)

========================================================================
Received Prepare
Refreshing native plugins compatible for Editor in 4.55 ms, found 2 plugins.
Preloading 0 native plugins for Editor in 0.00 ms.
Unloading 13 Unused Serialized files (Serialized files now loaded: 0)
System memory in use before: 40.9 MB.
System memory in use after: 41.0 MB.

Unloading 13 unused Assets to reduce memory usage. Loaded Objects now: 1900.
Total: 2.191600 ms (FindLiveObjects: 0.180400 ms CreateObjectMapping: 0.043400 ms MarkObjects: 1.948800 ms  DeleteObjects: 0.017800 ms)

========================================================================
Received Prepare
Refreshing native plugins compatible for Editor in 5.58 ms, found 2 plugins.
Preloading 0 native plugins for Editor in 0.00 ms.
Unloading 13 Unused Serialized files (Serialized files now loaded: 0)
System memory in use before: 40.9 MB.
System memory in use after: 41.0 MB.

Unloading 13 unused Assets to reduce memory usage. Loaded Objects now: 1900.
Total: 3.628000 ms (FindLiveObjects: 0.771200 ms CreateObjectMapping: 0.197700 ms MarkObjects: 2.630000 ms  DeleteObjects: 0.027600 ms)

========================================================================
Received Prepare
Refreshing native plugins compatible for Editor in 5.18 ms, found 2 plugins.
Preloading 0 native plugins for Editor in 0.00 ms.
Unloading 13 Unused Serialized files (Serialized files now loaded: 0)
System memory in use before: 40.9 MB.
System memory in use after: 41.0 MB.

Unloading 13 unused Assets to reduce memory usage. Loaded Objects now: 1900.
Total: 2.335600 ms (FindLiveObjects: 0.184600 ms CreateObjectMapping: 0.036900 ms MarkObjects: 2.094600 ms  DeleteObjects: 0.018400 ms)

